#
# There is insufficient memory for the Java Runtime Environment to continue.
# Native memory allocation (malloc) failed to allocate 1048576 bytes for AllocateHeap
# Possible reasons:
#   The system is out of physical RAM or swap space
#   The process is running with CompressedOops enabled, and the Java Heap may be blocking the growth of the native heap
# Possible solutions:
#   Reduce memory load on the system
#   Increase physical memory or swap space
#   Check if swap backing store is full
#   Decrease Java heap size (-Xmx/-Xms)
#   Decrease number of Java threads
#   Decrease Java thread stack sizes (-Xss)
#   Set larger code cache with -XX:ReservedCodeCacheSize=
#   JVM is running with Unscaled Compressed Oops mode in which the Java heap is
#     placed in the first 4GB address space. The Java Heap base address is the
#     maximum limit for the native heap growth. Please use -XX:HeapBaseMinAddress
#     to set the Java Heap base and to place the Java Heap above 4GB virtual address.
# This output file may be truncated or incomplete.
#
#  Out of Memory Error (memory/allocation.inline.hpp:61), pid=51956, tid=0x000000000000b3f0
#
# JRE version:  (8.0_371) (build )
# Java VM: Java HotSpot(TM) 64-Bit Server VM (25.371-b11 mixed mode windows-amd64 compressed oops)
# Failed to write core dump. Minidumps are not enabled by default on client versions of Windows
#

---------------  T H R E A D  ---------------

Current thread (0x000001ac18f10000):  JavaThread "Unknown thread" [_thread_in_vm, id=46064, stack(0x0000006d78900000,0x0000006d78a00000)]

Stack: [0x0000006d78900000,0x0000006d78a00000]
Native frames: (J=compiled Java code, j=interpreted, Vv=VM code, C=native code)
V  [jvm.dll+0x34d9f9]
V  [jvm.dll+0x28aa12]
V  [jvm.dll+0x28b5dd]
V  [jvm.dll+0x281da5]
V  [jvm.dll+0x500d]
V  [jvm.dll+0x3eabcd]
V  [jvm.dll+0x3eb957]
V  [jvm.dll+0x3e7737]
V  [jvm.dll+0x103bdf]
V  [jvm.dll+0x2181fb]
V  [jvm.dll+0x24900a]
V  [jvm.dll+0x16a6e6]
C  [java.exe+0x2412]
C  [java.exe+0x165e0]
C  [KERNEL32.DLL+0x17614]
C  [ntdll.dll+0x526a1]


---------------  P R O C E S S  ---------------

Java Threads: ( => current thread )

Other Threads:

=>0x000001ac18f10000 (exited) JavaThread "Unknown thread" [_thread_in_vm, id=46064, stack(0x0000006d78900000,0x0000006d78a00000)]

VM state:not at safepoint (normal execution)

VM Mutex/Monitor currently owned by a thread: None

heap address: 0x00000000c9e00000, size: 866 MB, Compressed Oops mode: 32-bit
Narrow klass base: 0x0000000000000000, Narrow klass shift: 3
Compressed class space size: 1073741824 Address: 0x0000000100000000

Heap:
 PSYoungGen      total 16896K, used 296K [0x00000000edf80000, 0x00000000ef200000, 0x0000000100000000)
  eden space 14848K, 2% used [0x00000000edf80000,0x00000000edfca3e0,0x00000000eee00000)
  from space 2048K, 0% used [0x00000000ef000000,0x00000000ef000000,0x00000000ef200000)
  to   space 2048K, 0% used [0x00000000eee00000,0x00000000eee00000,0x00000000ef000000)
 ParOldGen       total 38400K, used 0K [0x00000000c9e00000, 0x00000000cc380000, 0x00000000edf80000)
  object space 38400K, 0% used [0x00000000c9e00000,0x00000000c9e00000,0x00000000cc380000)
 Metaspace       used 751K, capacity 4480K, committed 4480K, reserved 1056768K
  class space    used 76K, capacity 384K, committed 384K, reserved 1048576K

Card table byte_map: [0x000001ac29c90000,0x000001ac29e50000] byte_map_base: 0x000001ac29641000

Marking Bits: (ParMarkBitMap*) 0x0000000059c6d980
 Begin Bits: [0x000001ac29f80000, 0x000001ac2ad08000)
 End Bits:   [0x000001ac2ad08000, 0x000001ac2ba90000)

Polling page: 0x000001ac18ec0000

CodeCache: size=245760Kb used=328Kb max_used=328Kb free=245431Kb
 bounds [0x000001ac1a8d0000, 0x000001ac1ab40000, 0x000001ac298d0000]
 total_blobs=57 nmethods=0 adapters=38
 compilation: enabled

Compilation events (0 events):
No events

GC Heap History (0 events):
No events

Deoptimization events (0 events):
No events

Classes redefined (0 events):
No events

Internal exceptions (0 events):
No events

Events (10 events):
Event: 0.104 loading class java/lang/Short
Event: 0.104 loading class java/lang/Short done
Event: 0.104 loading class java/lang/Integer
Event: 0.105 loading class java/lang/Integer done
Event: 0.105 loading class java/lang/Long
Event: 0.105 loading class java/lang/Long done
Event: 0.106 loading class java/lang/NullPointerException
Event: 0.106 loading class java/lang/NullPointerException done
Event: 0.106 loading class java/lang/ArithmeticException
Event: 0.106 loading class java/lang/ArithmeticException done


Dynamic libraries:
0x00007ff646b10000 - 0x00007ff646b5a000 	C:\Program Files (x86)\Common Files\Oracle\Java\javapath\java.exe
0x00007ffd3b470000 - 0x00007ffd3b668000 	C:\WINDOWS\SYSTEM32\ntdll.dll
0x00007ffd39620000 - 0x00007ffd396df000 	C:\WINDOWS\System32\KERNEL32.DLL
0x00007ffd38e20000 - 0x00007ffd39116000 	C:\WINDOWS\System32\KERNELBASE.dll
0x00007ffd39810000 - 0x00007ffd398bf000 	C:\WINDOWS\System32\ADVAPI32.dll
0x00007ffd3b250000 - 0x00007ffd3b2ee000 	C:\WINDOWS\System32\msvcrt.dll
0x00007ffd394d0000 - 0x00007ffd3956c000 	C:\WINDOWS\System32\sechost.dll
0x00007ffd396e0000 - 0x00007ffd39806000 	C:\WINDOWS\System32\RPCRT4.dll
0x00007ffd39ad0000 - 0x00007ffd39c6d000 	C:\WINDOWS\System32\USER32.dll
0x00007ffd391b0000 - 0x00007ffd391d2000 	C:\WINDOWS\System32\win32u.dll
0x00007ffd3ad70000 - 0x00007ffd3ad9c000 	C:\WINDOWS\System32\GDI32.dll
0x00007ffd393b0000 - 0x00007ffd394c5000 	C:\WINDOWS\System32\gdi32full.dll
0x00007ffd38d50000 - 0x00007ffd38ded000 	C:\WINDOWS\System32\msvcp_win.dll
0x00007ffd38c00000 - 0x00007ffd38d00000 	C:\WINDOWS\System32\ucrtbase.dll
0x00007ffd0fc10000 - 0x00007ffd0feaa000 	C:\WINDOWS\WinSxS\amd64_microsoft.windows.common-controls_6595b64144ccf1df_6.0.19041.1110_none_60b5254171f9507e\COMCTL32.dll
0x00007ffd3b220000 - 0x00007ffd3b250000 	C:\WINDOWS\System32\IMM32.DLL
0x00007ffd2acc0000 - 0x00007ffd2acdb000 	C:\Program Files\Java\jre-1.8\bin\vcruntime140.dll
0x00007ffd33a40000 - 0x00007ffd33a4c000 	C:\Program Files\Java\jre-1.8\bin\vcruntime140_1.dll
0x00007ffd28c10000 - 0x00007ffd28c9e000 	C:\Program Files\Java\jre-1.8\bin\msvcp140.dll
0x0000000059440000 - 0x0000000059ce7000 	C:\Program Files\Java\jre-1.8\bin\server\jvm.dll
0x00007ffd3aa00000 - 0x00007ffd3aa08000 	C:\WINDOWS\System32\PSAPI.DLL
0x00007ffd19c20000 - 0x00007ffd19c47000 	C:\WINDOWS\SYSTEM32\WINMM.dll
0x00007ffd33a50000 - 0x00007ffd33a59000 	C:\WINDOWS\SYSTEM32\WSOCK32.dll
0x00007ffd2ff30000 - 0x00007ffd2ff3a000 	C:\WINDOWS\SYSTEM32\VERSION.dll
0x00007ffd39940000 - 0x00007ffd399ab000 	C:\WINDOWS\System32\ws2_32.DLL
0x00007ffd373f0000 - 0x00007ffd37402000 	C:\WINDOWS\SYSTEM32\kernel.appcore.dll
0x00007ffd2d0e0000 - 0x00007ffd2d0f0000 	C:\Program Files\Java\jre-1.8\bin\verify.dll
0x00007ffd2a550000 - 0x00007ffd2a57b000 	C:\Program Files\Java\jre-1.8\bin\java.dll
0x00007ffd2aa40000 - 0x00007ffd2aa58000 	C:\Program Files\Java\jre-1.8\bin\zip.dll
0x00007ffd37190000 - 0x00007ffd37374000 	C:\WINDOWS\SYSTEM32\dbghelp.dll
0x00007ffd39120000 - 0x00007ffd391a2000 	C:\WINDOWS\System32\bcryptPrimitives.dll

VM Arguments:
java_command: ./artifacts/app-order.jar -port=7777
java_class_path (initial): ./artifacts/app-order.jar
Launcher Type: SUN_STANDARD

Environment Variables:
PATH=C:\Program Files (x86)\Common Files\Oracle\Java\javapath;C:\Program Files\Eclipse Adoptium\jdk-11.0.17.8-hotspot\bin;C:\WINDOWS\system32;C:\WINDOWS;C:\WINDOWS\System32\Wbem;C:\WINDOWS\System32\WindowsPowerShell\v1.0\;C:\WINDOWS\System32\OpenSSH\;C:\Program Files\nodejs\;C:\Program Files\Git\cmd;C:\Users\zim_e\AppData\Local\Microsoft\WindowsApps;;C:\Users\zim_e\AppData\Local\Programs\Microsoft VS Code\bin;C:\Users\zim_e\AppData\Roaming\npm
USERNAME=zim_e
OS=Windows_NT
PROCESSOR_IDENTIFIER=AMD64 Family 23 Model 24 Stepping 1, AuthenticAMD



---------------  S Y S T E M  ---------------

OS: Windows 10 , 64 bit Build 19041 (10.0.19041.2913)

CPU:total 2 (initial active 2) (2 cores per cpu, 1 threads per core) family 23 model 24 stepping 1, cmov, cx8, fxsr, mmx, sse, sse2, sse3, ssse3, sse4.1, sse4.2, popcnt, avx, avx2, aes, clmul, mmxext, 3dnowpref, lzcnt, sse4a, tsc, tscinvbit, tscinv, bmi1

Memory: 4k page, physical 3543304k(229168k free), swap 14553352k(4768k free)

vm_info: Java HotSpot(TM) 64-Bit Server VM (25.371-b11) for windows-amd64 JRE (1.8.0_371-b11), built on Mar 17 2023 04:03:45 by "java_re" with MS VC++ 17.1 (VS2022)

time: Sun Jun  4 15:49:49 2023
timezone: RTZ 3 (amily 23 Model 24 Stepping 1, AuthenticAMD
elapsed time: 0.174653 seconds (0d 0h 0m 0s)

